<?xml version="1.0" encoding="UTF-8"?>
<!-- Generated by org.testng.reporters.JUnitXMLReporter -->
<testsuite ignored="2" hostname="slt-ptc-19" failures="1" tests="1" name="Surefire test" time="7.29" errors="0" timestamp="04 Oct 2019 14:24:27 GMT">
  <testcase classname="pl.luxoft.selenium.FirstSeleniumTest" name="searchResultPageTitleContainSeachedText" time="3.587">
    <failure type="java.lang.AssertionError" message="expected [true] but found [false]">
      <![CDATA[java.lang.AssertionError: expected [true] but found [false]
at pl.luxoft.selenium.FirstSeleniumTest.searchResultPageTitleContainSeachedText(FirstSeleniumTest.java:48)
... Removed 34 stack frames]]>
    </failure>
  </testcase> <!-- searchResultPageTitleContainSeachedText -->
  <testcase classname="pl.luxoft.selenium.ParentSeleniumTest" name="@BeforeTest setUp" time="0.0">
    <ignored/>
  </testcase> <!-- @BeforeTest setUp -->
  <testcase classname="pl.luxoft.selenium.ParentSeleniumTest" name="@AfterTest tearDown" time="0.0">
    <ignored/>
  </testcase> <!-- @AfterTest tearDown -->
</testsuite> <!-- Surefire test -->
